# JRE version: Java(TM) SE Runtime Environment (8.0_40-b25) (build 1.8.0_40-b25)
# Java VM: Java HotSpot(TM) Client VM (25.40-b25 mixed mode windows-x86 )
Heap:
 def new generation   total 37312K, used 27636K [0x05000000, 0x07870000, 0x0a550000)
  eden space 33216K,  70% used [0x05000000, 0x066fd1d8, 0x07070000)
  from space 4096K, 100% used [0x07070000, 0x07470000, 0x07470000)
  to   space 4096K,   0% used [0x07470000, 0x07470000, 0x07870000)
 tenured generation   total 82672K, used 71445K [0x0a550000, 0x0f60c000, 0x15000000)
   the space 82672K,  86% used [0x0a550000, 0x0eb155b0, 0x0eb15600, 0x0f60c000)
 Metaspace       used 8051K, capacity 8455K, committed 8576K, reserved 8576K
GC Heap History (10 events):
Event: 5.449 GC heap before
{Heap before GC invocations=8 (full 1):
 def new generation   total 6016K, used 5200K [0x05000000, 0x05680000, 0x0a550000)
  eden space 5376K,  96% used [0x05000000, 0x05514198, 0x05540000)
  from space 640K,   0% used [0x05540000, 0x05540000, 0x055e0000)
  to   space 640K,   0% used [0x055e0000, 0x055e0000, 0x05680000)
 tenured generation   total 48896K, used 43586K [0x0a550000, 0x0d510000, 0x15000000)
   the space 48896K,  89% used [0x0a550000, 0x0cfe0aa0, 0x0cfe0c00, 0x0d510000)
 Metaspace       used 7972K, capacity 8393K, committed 8448K, reserved 8576K
Event: 5.452 GC heap after
Heap after GC invocations=9 (full 1):
 def new generation   total 6016K, used 638K [0x05000000, 0x05680000, 0x0a550000)
  eden space 5376K,   0% used [0x05000000, 0x05000000, 0x05540000)
  from space 640K,  99% used [0x055e0000, 0x0567fbb0, 0x05680000)
  to   space 640K,   0% used [0x05540000, 0x05540000, 0x055e0000)
 tenured generation   total 48896K, used 45026K [0x0a550000, 0x0d510000, 0x15000000)
   the space 48896K,  92% used [0x0a550000, 0x0d148a90, 0x0d148c00, 0x0d510000)
 Metaspace       used 7972K, capacity 8393K, committed 8448K, reserved 8576K
}
Event: 7.130 GC heap before
{Heap before GC invocations=9 (full 1):
 def new generation   total 6016K, used 6014K [0x05000000, 0x05680000, 0x0a550000)
  eden space 5376K, 100% used [0x05000000, 0x05540000, 0x05540000)
  from space 640K,  99% used [0x055e0000, 0x0567fbb0, 0x05680000)
  to   space 640K,   0% used [0x05540000, 0x05540000, 0x055e0000)
 tenured generation   total 48896K, used 45026K [0x0a550000, 0x0d510000, 0x15000000)
   the space 48896K,  92% used [0x0a550000, 0x0d148a90, 0x0d148c00, 0x0d510000)
 Metaspace       used 8035K, capacity 8443K, committed 8448K, reserved 8576K
Event: 7.135 GC heap after
Heap after GC invocations=10 (full 1):
 def new generation   total 6016K, used 629K [0x05000000, 0x05680000, 0x0a550000)
  eden space 5376K,   0% used [0x05000000, 0x05000000, 0x05540000)
  from space 640K,  98% used [0x05540000, 0x055dd770, 0x055e0000)
  to   space 640K,   0% used [0x055e0000, 0x055e0000, 0x05680000)
 tenured generation   total 48896K, used 47409K [0x0a550000, 0x0d510000, 0x15000000)
   the space 48896K,  96% used [0x0a550000, 0x0d39c748, 0x0d39c800, 0x0d510000)
 Metaspace       used 8035K, capacity 8443K, committed 8448K, reserved 8576K
}
Event: 8.648 GC heap before
{Heap before GC invocations=10 (full 1):
 def new generation   total 6016K, used 6005K [0x05000000, 0x05680000, 0x0a550000)
  eden space 5376K, 100% used [0x05000000, 0x05540000, 0x05540000)
  from space 640K,  98% used [0x05540000, 0x055dd770, 0x055e0000)
  to   space 640K,   0% used [0x055e0000, 0x055e0000, 0x05680000)
 tenured generation   total 48896K, used 47409K [0x0a550000, 0x0d510000, 0x15000000)
   the space 48896K,  96% used [0x0a550000, 0x0d39c748, 0x0d39c800, 0x0d510000)
 Metaspace       used 8035K, capacity 8443K, committed 8448K, reserved 8576K
Event: 8.667 GC heap after
Heap after GC invocations=11 (full 2):
 def new generation   total 37312K, used 619K [0x05000000, 0x07870000, 0x0a550000)
  eden space 33216K,   1% used [0x05000000, 0x0509ae68, 0x07070000)
  from space 4096K,   0% used [0x07070000, 0x07070000, 0x07470000)
  to   space 4096K,   0% used [0x07470000, 0x07470000, 0x07870000)
 tenured generation   total 82672K, used 49602K [0x0a550000, 0x0f60c000, 0x15000000)
   the space 82672K,  59% used [0x0a550000, 0x0d5c0918, 0x0d5c0a00, 0x0f60c000)
 Metaspace       used 8028K, capacity 8423K, committed 8448K, reserved 8576K
}
Event: 16.714 GC heap before
{Heap before GC invocations=11 (full 2):
 def new generation   total 37312K, used 33216K [0x05000000, 0x07870000, 0x0a550000)
  eden space 33216K, 100% used [0x05000000, 0x07070000, 0x07070000)
  from space 4096K,   0% used [0x07070000, 0x07070000, 0x07470000)
  to   space 4096K,   0% used [0x07470000, 0x07470000, 0x07870000)
 tenured generation   total 82672K, used 49602K [0x0a550000, 0x0f60c000, 0x15000000)
   the space 82672K,  59% used [0x0a550000, 0x0d5c0918, 0x0d5c0a00, 0x0f60c000)
 Metaspace       used 8032K, capacity 8423K, committed 8448K, reserved 8576K
Event: 16.732 GC heap after
Heap after GC invocations=12 (full 2):
 def new generation   total 37312K, used 4096K [0x05000000, 0x07870000, 0x0a550000)
  eden space 33216K,   0% used [0x05000000, 0x05000000, 0x07070000)
  from space 4096K, 100% used [0x07470000, 0x07870000, 0x07870000)
  to   space 4096K,   0% used [0x07070000, 0x07070000, 0x07470000)
 tenured generation   total 82672K, used 57673K [0x0a550000, 0x0f60c000, 0x15000000)
   the space 82672K,  69% used [0x0a550000, 0x0dda2760, 0x0dda2800, 0x0f60c000)
 Metaspace       used 8032K, capacity 8423K, committed 8448K, reserved 8576K
}
Event: 25.385 GC heap before
{Heap before GC invocations=12 (full 2):
 def new generation   total 37312K, used 37312K [0x05000000, 0x07870000, 0x0a550000)
  eden space 33216K, 100% used [0x05000000, 0x07070000, 0x07070000)
  from space 4096K, 100% used [0x07470000, 0x07870000, 0x07870000)
  to   space 4096K,   0% used [0x07070000, 0x07070000, 0x07470000)
 tenured generation   total 82672K, used 57673K [0x0a550000, 0x0f60c000, 0x15000000)
   the space 82672K,  69% used [0x0a550000, 0x0dda2760, 0x0dda2800, 0x0f60c000)
 Metaspace       used 8032K, capacity 8423K, committed 8448K, reserved 8576K
Event: 25.405 GC heap after
Heap after GC invocations=13 (full 2):
 def new generation   total 37312K, used 4096K [0x05000000, 0x07870000, 0x0a550000)
  eden space 33216K,   0% used [0x05000000, 0x05000000, 0x07070000)
  from space 4096K, 100% used [0x07070000, 0x07470000, 0x07470000)
  to   space 4096K,   0% used [0x07470000, 0x07470000, 0x07870000)
 tenured generation   total 82672K, used 71445K [0x0a550000, 0x0f60c000, 0x15000000)
   the space 82672K,  86% used [0x0a550000, 0x0eb155b0, 0x0eb15600, 0x0f60c000)
 Metaspace       used 8032K, capacity 8423K, committed 8448K, reserved 8576K
}

